<?xml version="1.0" encoding="UTF-8"?>
<!-- Generated by org.testng.reporters.JUnitReportReporter -->
<testsuite skipped="0" hostname="VijayalshmisAir.fios-router.home" name="com.myRetail.testscripts.myRetail_TC006" tests="1" failures="0" timestamp="16 Oct 2017 08:22:26 GMT" time="0.464" errors="0">
  <testcase name="verifyFindAllProductInStock" time="0.464" classname="com.myRetail.testscripts.myRetail_TC006"/>
</testsuite> <!-- com.myRetail.testscripts.myRetail_TC006 -->
