<?xml version="1.0" encoding="UTF-8"?>
<!-- Generated by org.testng.reporters.JUnitReportReporter -->
<testsuite skipped="0" hostname="Dhamo" name="com.myRetail.testscripts.GitHubLoginTest" tests="1" failures="0" timestamp="15 Oct 2017 04:48:26 GMT" time="7.856" errors="0">
  <testcase name="should_not_login_with_wrong_credentials" time="7.856" classname="com.myRetail.testscripts.GitHubLoginTest"/>
</testsuite> <!-- com.myRetail.testscripts.GitHubLoginTest -->
