<?xml version="1.0" encoding="UTF-8"?>
<!-- Generated by org.testng.reporters.JUnitReportReporter -->
<testsuite skipped="0" hostname="VijayalshmisAir.fios-router.home" name="com.myRetail.testscripts.myRetail_TC001" tests="1" failures="0" timestamp="16 Oct 2017 06:47:35 GMT" time="0.500" errors="0">
  <testcase name="verifyProductValidSearch" time="0.500" classname="com.myRetail.testscripts.myRetail_TC001"/>
</testsuite> <!-- com.myRetail.testscripts.myRetail_TC001 -->
