<?xml version="1.0" encoding="UTF-8"?>
<!-- Generated by org.testng.reporters.JUnitReportReporter -->
<testsuite skipped="0" hostname="VijayalshmisAir.fios-router.home" name="com.myRetail.testscripts.TestScript_5" tests="1" failures="0" timestamp="16 Oct 2017 08:20:38 GMT" time="0.501" errors="0">
  <testcase name="verifySearchBlank" time="0.501" classname="com.myRetail.testscripts.TestScript_5"/>
</testsuite> <!-- com.myRetail.testscripts.TestScript_5 -->
