<?xml version="1.0" encoding="UTF-8"?>
<!-- Generated by org.testng.reporters.JUnitReportReporter -->
<testsuite skipped="0" hostname="VijayalshmisAir.fios-router.home" name="com.myRetail.testscripts.myRetail_TC007" tests="1" failures="0" timestamp="16 Oct 2017 05:38:38 GMT" time="0.469" errors="0">
  <testcase name="verifyFindAllProductOutOfStock" time="0.469" classname="com.myRetail.testscripts.myRetail_TC007"/>
</testsuite> <!-- com.myRetail.testscripts.myRetail_TC007 -->
